
Genreãƒ¢ãƒ‡ãƒ«ã®ãƒ†ã‚¹ãƒˆ
  ã‚«ãƒ†ã‚´ãƒªãƒ¼æŠ•ç¨¿ã®ãƒ†ã‚¹ãƒˆ
[31m    ã‚«ãƒ†ã‚´ãƒªãƒ¼æŠ•ç¨¿å¾Œã®ãƒªãƒ€ã‚¤ãƒ¬ã‚¯ãƒˆå…ˆã¯æ­£ã—ã„ã‹ (FAILED - 1)[0m

Customerãƒ¢ãƒ‡ãƒ«ã®ãƒ†ã‚¹ãƒˆ
  ãƒãƒªãƒ‡ãƒ¼ã‚·ãƒ§ãƒ³ã®ãƒ†ã‚¹ãƒˆ
    ã‚«ãƒ©ãƒ ã®ãƒ†ã‚¹ãƒˆ
[32m      ç©ºæ¬„ã§ãªã„ã“ã¨[0m
    ã‚¢ã‚½ã‚·ã‚¨ãƒ¼ã‚·ãƒ§ãƒ³ã®ãƒ†ã‚¹ãƒˆ
      ãƒ¢ãƒ‡ãƒ«ã¨ã®é–¢ä¿‚
[32m        Postãƒ¢ãƒ‡ãƒ«ã¨1:Nã«ãªã£ã¦ã„ã‚‹[0m
[32m        catagoryãƒ¢ãƒ‡ãƒ«ã¨1:Nã«ãªã£ã¦ã„ã‚‹[0m

Genreãƒ¢ãƒ‡ãƒ«ã®ãƒ†ã‚¹ãƒˆ
  ã‚¸ãƒ£ãƒ³ãƒ«æŠ•ç¨¿æŠ•ç¨¿ã®ãƒ†ã‚¹ãƒˆ
[32m    æŠ•ç¨¿å¾Œã®ãƒªãƒ€ã‚¤ãƒ¬ã‚¯ãƒˆå…ˆã¯æ­£ã—ã„ã‹[0m

[STEP1] ãƒ¦ãƒ¼ã‚¶ãƒ­ã‚°ã‚¤ãƒ³å‰ã®ãƒ†ã‚¹ãƒˆ
  ãƒˆãƒƒãƒ—ç”»é¢ã®ãƒ†ã‚¹ãƒˆ
    è¡¨ç¤ºå†…å®¹ã®ç¢ºèª
[32m      URLãŒå­˜åœ¨ã™ã‚‹ã‹[0m
    ãƒªãƒ³ã‚¯å…ˆã®ãƒ†ã‚¹ãƒˆ
[32m      Aboutãƒšãƒ¼ã‚¸ã¸ã®ãƒªãƒ³ã‚¯[0m
[32m      ã‚¸ãƒ£ãƒ³ãƒ«ä¸€è¦§ã¸ã®ãƒªãƒ³ã‚¯[0m
[32m      æ–°è¦ç™»éŒ²ã¸ã®ãƒªãƒ³ã‚¯[0m
[32m      ãƒ­ã‚°ã‚¤ãƒ³ã¸ã®ãƒªãƒ³ã‚¯[0m
  ã‚¸ãƒ£ãƒ³ãƒ«ç”»é¢ã®ãƒ†ã‚¹ãƒˆ
[32m    ã‚«ãƒ†ã‚´ãƒªãƒ¼ã¸ã®ãƒªãƒ³ã‚¯ãƒ†ã‚¹ãƒˆ[0m
  ã‚«ãƒ†ã‚´ãƒªãƒ¼ç”»é¢ã®ãƒ†ã‚¹ãƒˆ
[32m    postã¸ã®ãƒªãƒ³ã‚¯ãƒ†ã‚¹ãƒˆ[0m

ãƒ­ã‚°ã‚¤ãƒ³å¾Œã®ãƒ†ã‚¹ãƒˆ
[31m  ãƒ­ã‚°ã‚¤ãƒ³ã®ãƒ†ã‚¹ãƒˆ (FAILED - 2)[0m

Failures:

  1) Genreãƒ¢ãƒ‡ãƒ«ã®ãƒ†ã‚¹ãƒˆ ã‚«ãƒ†ã‚´ãƒªãƒ¼æŠ•ç¨¿ã®ãƒ†ã‚¹ãƒˆ ã‚«ãƒ†ã‚´ãƒªãƒ¼æŠ•ç¨¿å¾Œã®ãƒªãƒ€ã‚¤ãƒ¬ã‚¯ãƒˆå…ˆã¯æ­£ã—ã„ã‹
     [31mFailure/Error: fill_in "category[name]", with: category.name[0m
     [31m[0m
     [31mCapybara::ElementNotFound:[0m
     [31m  Unable to find field "category[name]" that is not disabled[0m
     [36m# /home/ec2-user/.rvm/gems/ruby-2.6.3/gems/capybara-3.35.3/lib/capybara/node/finders.rb:303:in `block in synced_resolve'[0m
     [36m# /home/ec2-user/.rvm/gems/ruby-2.6.3/gems/capybara-3.35.3/lib/capybara/node/base.rb:83:in `synchronize'[0m
     [36m# /home/ec2-user/.rvm/gems/ruby-2.6.3/gems/capybara-3.35.3/lib/capybara/node/finders.rb:292:in `synced_resolve'[0m
     [36m# /home/ec2-user/.rvm/gems/ruby-2.6.3/gems/capybara-3.35.3/lib/capybara/node/finders.rb:53:in `find'[0m
     [36m# /home/ec2-user/.rvm/gems/ruby-2.6.3/gems/capybara-3.35.3/lib/capybara/node/actions.rb:91:in `fill_in'[0m
     [36m# /home/ec2-user/.rvm/gems/ruby-2.6.3/gems/capybara-3.35.3/lib/capybara/session.rb:768:in `block (2 levels) in <class:Session>'[0m
     [36m# /home/ec2-user/.rvm/gems/ruby-2.6.3/gems/capybara-3.35.3/lib/capybara/dsl.rb:58:in `block (2 levels) in <module:DSL>'[0m
     [36m# ./spec/models/category_spec.rb:24:in `block (3 levels) in <top (required)>'[0m

  2) ãƒ­ã‚°ã‚¤ãƒ³å¾Œã®ãƒ†ã‚¹ãƒˆ ãƒ­ã‚°ã‚¤ãƒ³ã®ãƒ†ã‚¹ãƒˆ
     [31mFailure/Error: befor[0m
     [31m[0m
     [31mNameError:[0m
     [31m  undefined local variable or method `befor' for #<RSpec::ExampleGroups::Nested:0x0000000007559900>[0m
     [36m# ./spec/system/02_afterl_login_spec.rb:10:in `block (2 levels) in <main>'[0m

Finished in 1.73 seconds (files took 1.66 seconds to load)
[31m13 examples, 2 failures[0m

Failed examples:

[31mrspec ./spec/models/category_spec.rb:23[0m [36m# Genreãƒ¢ãƒ‡ãƒ«ã®ãƒ†ã‚¹ãƒˆ ã‚«ãƒ†ã‚´ãƒªãƒ¼æŠ•ç¨¿ã®ãƒ†ã‚¹ãƒˆ ã‚«ãƒ†ã‚´ãƒªãƒ¼æŠ•ç¨¿å¾Œã®ãƒªãƒ€ã‚¤ãƒ¬ã‚¯ãƒˆå…ˆã¯æ­£ã—ã„ã‹[0m
[31mrspec ./spec/system/02_afterl_login_spec.rb:9[0m [36m# ãƒ­ã‚°ã‚¤ãƒ³å¾Œã®ãƒ†ã‚¹ãƒˆ ãƒ­ã‚°ã‚¤ãƒ³ã®ãƒ†ã‚¹ãƒˆ[0m

